<?xml version="1.0" encoding="UTF-8"?>
<!-- Generated by org.testng.reporters.JUnitReportReporter -->
<testsuite skipped="0" hostname="IS54" name="whatsApp" tests="1" failures="0" timestamp="03 Jan 2019 01:24:49 GMT" time="43.714" errors="0">
  <testcase name="testApp" time="43.714" classname="whatsApp"/>
</testsuite> <!-- whatsApp -->
