<?xml version="1.0" encoding="UTF-8"?>
<!-- Generated by org.testng.reporters.JUnitReportReporter -->
<testsuite skipped="0" hostname="IS54" name="launchCalculator" tests="1" failures="0" timestamp="03 Jan 2019 01:27:06 GMT" time="26.423" errors="0">
  <testcase name="testApp" time="26.423" classname="launchCalculator"/>
</testsuite> <!-- launchCalculator -->
